<?xml version="1.0" encoding="UTF-8"?>
<testsuite name="com.project.moyora.MoyoraApplicationTests" tests="1" skipped="0" failures="0" errors="0" timestamp="2025-05-02T04:47:12.768Z" hostname="SH" time="0.769">
  <properties/>
  <testcase name="createTenUsersTest()" classname="com.project.moyora.MoyoraApplicationTests" time="0.769"/>
  <system-out><![CDATA[13:47:04.830 [Test worker] INFO org.springframework.test.context.support.AnnotationConfigContextLoaderUtils -- Could not detect default configuration classes for test class [com.project.moyora.MoyoraApplicationTests]: MoyoraApplicationTests does not declare any static, non-private, non-final, nested classes annotated with @Configuration.
13:47:05.023 [Test worker] INFO org.springframework.boot.test.context.SpringBootTestContextBootstrapper -- Found @SpringBootConfiguration com.project.moyora.MoyoraApplication for test class com.project.moyora.MoyoraApplicationTests

  .   ____          _            __ _ _
 /\\ / ___'_ __ _ _(_)_ __  __ _ \ \ \ \
( ( )\___ | '_ | '_| | '_ \/ _` | \ \ \ \
 \\/  ___)| |_)| | | | | || (_| |  ) ) ) )
  '  |____| .__|_| |_|_| |_\__, | / / / /
 =========|_|==============|___/=/_/_/_/

 :: Spring Boot ::                (v3.4.4)

2025-05-02T13:47:05.599+09:00  INFO 17288 --- [moyora] [    Test worker] c.project.moyora.MoyoraApplicationTests  : Starting MoyoraApplicationTests using Java 21.0.2 with PID 17288 (started by seohy in C:\github\moyora-BE\moyora)
2025-05-02T13:47:05.599+09:00  INFO 17288 --- [moyora] [    Test worker] c.project.moyora.MoyoraApplicationTests  : The following 1 profile is active: "jwt"
2025-05-02T13:47:06.788+09:00  INFO 17288 --- [moyora] [    Test worker] .s.d.r.c.RepositoryConfigurationDelegate : Bootstrapping Spring Data JPA repositories in DEFAULT mode.
2025-05-02T13:47:06.883+09:00  INFO 17288 --- [moyora] [    Test worker] .s.d.r.c.RepositoryConfigurationDelegate : Finished Spring Data repository scanning in 73 ms. Found 3 JPA repository interfaces.
2025-05-02T13:47:07.759+09:00  INFO 17288 --- [moyora] [    Test worker] o.hibernate.jpa.internal.util.LogHelper  : HHH000204: Processing PersistenceUnitInfo [name: default]
2025-05-02T13:47:07.822+09:00  INFO 17288 --- [moyora] [    Test worker] org.hibernate.Version                    : HHH000412: Hibernate ORM core version 6.6.11.Final
2025-05-02T13:47:07.854+09:00  INFO 17288 --- [moyora] [    Test worker] o.h.c.internal.RegionFactoryInitiator    : HHH000026: Second-level cache disabled
2025-05-02T13:47:08.250+09:00  INFO 17288 --- [moyora] [    Test worker] o.s.o.j.p.SpringPersistenceUnitInfo      : No LoadTimeWeaver setup: ignoring JPA class transformer
2025-05-02T13:47:08.282+09:00  INFO 17288 --- [moyora] [    Test worker] com.zaxxer.hikari.HikariDataSource       : HikariPool-1 - Starting...
2025-05-02T13:47:08.677+09:00  INFO 17288 --- [moyora] [    Test worker] com.zaxxer.hikari.pool.HikariPool        : HikariPool-1 - Added connection com.mysql.cj.jdbc.ConnectionImpl@35d81657
2025-05-02T13:47:08.677+09:00  INFO 17288 --- [moyora] [    Test worker] com.zaxxer.hikari.HikariDataSource       : HikariPool-1 - Start completed.
2025-05-02T13:47:08.741+09:00  WARN 17288 --- [moyora] [    Test worker] org.hibernate.orm.deprecation            : HHH90000025: MySQLDialect does not need to be specified explicitly using 'hibernate.dialect' (remove the property setting and it will be selected by default)
2025-05-02T13:47:08.774+09:00  INFO 17288 --- [moyora] [    Test worker] org.hibernate.orm.connections.pooling    : HHH10001005: Database info:
	Database JDBC URL [Connecting through datasource 'HikariDataSource (HikariPool-1)']
	Database driver: undefined/unknown
	Database version: 8.0.36
	Autocommit mode: undefined/unknown
	Isolation level: undefined/unknown
	Minimum pool size: undefined/unknown
	Maximum pool size: undefined/unknown
2025-05-02T13:47:09.824+09:00  INFO 17288 --- [moyora] [    Test worker] o.h.e.t.j.p.i.JtaPlatformInitiator       : HHH000489: No JTA platform available (set 'hibernate.transaction.jta.platform' to enable JTA platform integration)
2025-05-02T13:47:09.951+09:00  INFO 17288 --- [moyora] [    Test worker] j.LocalContainerEntityManagerFactoryBean : Initialized JPA EntityManagerFactory for persistence unit 'default'
2025-05-02T13:47:10.427+09:00  INFO 17288 --- [moyora] [    Test worker] o.s.d.j.r.query.QueryEnhancerFactory     : Hibernate is in classpath; If applicable, HQL parser will be used.
2025-05-02T13:47:11.158+09:00  INFO 17288 --- [moyora] [    Test worker] c.p.moyora.global.security.TokenService  : ✅ jwt.access.expiration: 1800000
2025-05-02T13:47:11.158+09:00  INFO 17288 --- [moyora] [    Test worker] c.p.moyora.global.security.TokenService  : ✅ jwt.refresh.expiration: 36000000
2025-05-02T13:47:11.158+09:00  INFO 17288 --- [moyora] [    Test worker] c.p.moyora.global.security.TokenService  : ✅ jwt.secret: f4e6cdb3bfe18ef04ffe31d054a56099649a10d651aa5e7e719276b9a6787cc4c5020edbf80b705724ce5de1ae77dd9487f5bc5ba29de447f7b527210f595346
2025-05-02T13:47:12.325+09:00  INFO 17288 --- [moyora] [    Test worker] o.s.v.b.OptionalValidatorFactoryBean     : Failed to set up a Bean Validation provider: jakarta.validation.NoProviderFoundException: Unable to create a Configuration, because no Jakarta Bean Validation provider could be found. Add a provider like Hibernate Validator (RI) to your classpath.
2025-05-02T13:47:12.436+09:00  WARN 17288 --- [moyora] [    Test worker] ion$DefaultTemplateResolverConfiguration : Cannot find template location: classpath:/templates/ (please add some templates, check your Thymeleaf configuration, or set spring.thymeleaf.check-template-location=false)
2025-05-02T13:47:12.742+09:00  INFO 17288 --- [moyora] [    Test worker] c.project.moyora.MoyoraApplicationTests  : Started MoyoraApplicationTests in 7.559 seconds (process running for 9.072)
]]></system-out>
  <system-err><![CDATA[Mockito is currently self-attaching to enable the inline-mock-maker. This will no longer work in future releases of the JDK. Please add Mockito as an agent to your build what is described in Mockito's documentation: https://javadoc.io/doc/org.mockito/mockito-core/latest/org/mockito/Mockito.html#0.3
WARNING: A Java agent has been loaded dynamically (C:\Users\seohy\.gradle\caches\modules-2\files-2.1\net.bytebuddy\byte-buddy-agent\1.15.11\a38b16385e867f59a641330f0362ebe742788ed8\byte-buddy-agent-1.15.11.jar)
WARNING: If a serviceability tool is in use, please run with -XX:+EnableDynamicAgentLoading to hide this warning
WARNING: If a serviceability tool is not in use, please run with -Djdk.instrument.traceUsage for more information
WARNING: Dynamic loading of agents will be disallowed by default in a future release
]]></system-err>
</testsuite>
